[20:38:24] [ServerMain/INFO]: [bootstrap] Running Java 21 (OpenJDK 64-Bit Server VM 21.0.9+10-Ubuntu-124.04; Ubuntu null) on Linux 6.8.0-1030-azure (amd64)
[20:38:24] [ServerMain/INFO]: [bootstrap] Loading Paper 1.21.10-117-ver/1.21.10@df4b668 (2025-11-30T22:37:28Z) for Minecraft 1.21.10
[20:38:24] [ServerMain/INFO]: [PluginInitializerManager] Initializing plugins...
[20:38:24] [Paper Plugin Remapper Thread - 2/INFO]: [PluginRemapper] Remapping plugin 'plugins/multiverse-core-5.4.0.jar'...
[20:38:24] [Paper Plugin Remapper Thread - 3/INFO]: [PluginRemapper] Remapping plugin 'plugins/worldedit-bukkit-7.3.18.jar'...
[20:38:25] [Paper Plugin Remapper Thread - 0/INFO]: [PluginRemapper] Remapping plugin 'plugins/BedrockArmorstands v2.0.0.jar'...
[20:38:25] [Paper Plugin Remapper Thread - 1/INFO]: [PluginRemapper] Remapping plugin 'plugins/worldguard-bukkit-7.0.15-beta-01.jar'...
[20:38:27] [Paper Plugin Remapper Thread - 0/INFO]: [PluginRemapper] Done remapping plugin 'plugins/BedrockArmorstands v2.0.0.jar' in 1844ms.
[20:38:28] [Paper Plugin Remapper Thread - 1/INFO]: [PluginRemapper] Done remapping plugin 'plugins/worldguard-bukkit-7.0.15-beta-01.jar' in 3092ms.
[20:38:30] [Paper Plugin Remapper Thread - 2/INFO]: [PluginRemapper] Done remapping plugin 'plugins/multiverse-core-5.4.0.jar' in 6068ms.
[20:38:31] [Paper Plugin Remapper Thread - 3/INFO]: [PluginRemapper] Done remapping plugin 'plugins/worldedit-bukkit-7.3.18.jar' in 6484ms.
[20:38:31] [ServerMain/INFO]: [PluginInitializerManager] Initialized 5 plugins
[20:38:31] [ServerMain/INFO]: [PluginInitializerManager] Bukkit plugins (5):
 - BedrockArmorstands (2.0.0), Essentials (2.21.2), Multiverse-Core (5.4.0), WorldEdit (7.3.18+7298-4383852), WorldGuard (7.0.15-beta-01+445a1d7)
[20:38:39] [ServerMain/INFO]: Environment: Environment[sessionHost=https://sessionserver.mojang.com, servicesHost=https://api.minecraftservices.com, profilesHost=https://api.mojang.com, name=PROD]
[20:38:39] [ServerMain/INFO]: Found new data pack file/CallYourHorse-[1.21.6+]-v1.5.2.zip, loading it automatically
[20:38:39] [ServerMain/INFO]: Found new data pack file/Dungeons and Taverns v5.0.4.zip, loading it automatically
[20:38:39] [ServerMain/INFO]: Found new data pack file/Terralith_1.21.5_v2.5.13.zip, loading it automatically
[20:38:39] [ServerMain/INFO]: Found new data pack file/bukkit, loading it automatically
[20:38:39] [ServerMain/INFO]: Found new data pack file/dynamiclights-v1.9.1-mc1.17-1.21.11-datapack.zip, loading it automatically
[20:38:39] [ServerMain/INFO]: Found new data pack file/terratonic-3.0.14-datapack.zip, loading it automatically
[20:38:39] [ServerMain/INFO]: Found new data pack paper, loading it automatically
[20:38:43] [ServerMain/INFO]: No existing world data, creating new world
[20:38:45] [ServerMain/INFO]: Loaded 1467 recipes
[20:38:45] [ServerMain/INFO]: Loaded 1678 advancements
[20:38:45] [ServerMain/INFO]: [ca.spottedleaf.dataconverter.minecraft.datatypes.MCTypeRegistry] Initialising converters for DataConverter...
[20:38:46] [ServerMain/INFO]: [ca.spottedleaf.dataconverter.minecraft.datatypes.MCTypeRegistry] Finished initialising converters for DataConverter in 768.0ms
[20:38:46] [Server thread/INFO]: Starting minecraft server version 1.21.10
[20:38:46] [Server thread/INFO]: Loading properties
[20:38:46] [Server thread/INFO]: This server is running Paper version 1.21.10-117-ver/1.21.10@df4b668 (2025-11-30T22:37:28Z) (Implementing API version 1.21.10-R0.1-SNAPSHOT)
[20:38:46] [Server thread/INFO]: [spark] This server bundles the spark profiler. For more information please visit https://docs.papermc.io/paper/profiling
[20:38:46] [Server thread/INFO]: Server Ping Player Sample Count: 12
[20:38:46] [Server thread/INFO]: Using 4 threads for Netty based IO
[20:38:48] [Server thread/INFO]: [MoonriseCommon] Paper is using 1 worker threads, 1 I/O threads
[20:38:48] [Server thread/INFO]: Default game type: SURVIVAL
[20:38:48] [Server thread/INFO]: Generating keypair
[20:38:48] [Server thread/INFO]: Starting Minecraft server on *:25555
[20:38:49] [Server thread/INFO]: Using epoll channel type
[20:38:49] [Server thread/INFO]: Paper: Using libdeflate (Linux x86_64) compression from Velocity.
[20:38:49] [Server thread/INFO]: Paper: Using OpenSSL 3.x.x (Linux x86_64) cipher from Velocity.
[20:38:49] [Server thread/INFO]: [WorldEdit] Loading server plugin WorldEdit v7.3.18+7298-4383852
[20:38:50] [Server thread/INFO]: Got request to register class com.sk89q.worldedit.bukkit.BukkitServerInterface with WorldEdit [com.sk89q.worldedit.extension.platform.PlatformManager@725ea8f5]
[20:38:50] [Server thread/INFO]: [WorldEdit] Default configuration file written: config.yml
[20:38:50] [Server thread/INFO]: [WorldGuard] Loading server plugin WorldGuard v7.0.15-beta-01+445a1d7
[20:38:50] [Server thread/INFO]: [/ba] Loading server plugin BedrockArmorstands v2.0.0
[20:38:50] [Server thread/INFO]: [Essentials] Loading server plugin Essentials v2.21.2
[20:38:50] [Server thread/INFO]: [CoreLogging] Loading server plugin Multiverse-Core v5.4.0
[20:38:50] [Server thread/INFO]: Server permissions file permissions.yml is empty, ignoring it
[20:38:50] [Server thread/INFO]: [WorldEdit] Enabling WorldEdit v7.3.18+7298-4383852
[20:38:50] [Server thread/INFO]: Registering commands with com.sk89q.worldedit.bukkit.BukkitServerInterface
[20:38:50] [Server thread/INFO]: WEPIF: Updated config file
[20:38:50] [Server thread/INFO]: WEPIF: Using the Bukkit Permissions API.
[20:38:51] [Server thread/INFO]: Using com.sk89q.worldedit.bukkit.adapter.impl.v1_21_9.PaperweightAdapter as the Bukkit adapter
[20:38:53] [Server thread/WARN]: **** SERVER IS RUNNING IN OFFLINE/INSECURE MODE!
[20:38:53] [Server thread/WARN]: The server will make no attempt to authenticate usernames. Beware.
[20:38:53] [Server thread/WARN]: Whilst this makes it possible to use Velocity, unless access to your server is properly restricted, it also opens up the ability for hackers to connect with any username they choose.
[20:38:53] [Server thread/WARN]: Please see https://docs.papermc.io/velocity/security for further information.
[20:38:53] [Server thread/WARN]: To change this, set "online-mode" to "true" in the server.properties file.
[20:38:53] [Server thread/INFO]: Preparing level "world"
[20:38:57] [Server thread/INFO]: Selecting spawn point for world 'minecraft:overworld'...
[20:39:41] [Server thread/INFO]: Selecting spawn point for world 'minecraft:the_nether'...
[20:39:43] [Server thread/INFO]: Selecting spawn point for world 'minecraft:the_end'...
[20:39:45] [Server thread/INFO]: Loading 0 persistent chunks for world 'minecraft:overworld'...
[20:39:45] [Server thread/INFO]: Preparing spawn area: 100%
[20:39:45] [Server thread/INFO]: Prepared spawn area in 48764 ms
[20:39:45] [Server thread/INFO]: Loading 0 persistent chunks for world 'minecraft:the_nether'...
[20:39:45] [Server thread/INFO]: Preparing spawn area: 100%
[20:39:45] [Server thread/INFO]: Prepared spawn area in 4874 ms
[20:39:45] [Server thread/INFO]: Loading 0 persistent chunks for world 'minecraft:the_end'...
[20:39:45] [Server thread/INFO]: Preparing spawn area: 100%
[20:39:45] [Server thread/INFO]: Prepared spawn area in 2964 ms
[20:39:45] [Server thread/INFO]: Done preparing level "world" (52.023s)
[20:39:45] [Server thread/INFO]: [WorldGuard] Enabling WorldGuard v7.0.15-beta-01+445a1d7
[20:39:46] [Server thread/INFO]: [WorldGuard] Default configuration file written: config.yml
[20:39:46] [Server thread/INFO]: [WorldGuard] Default configuration file written: config_world.yml
[20:39:46] [Server thread/INFO]: [WorldGuard] Default configuration file written: blacklist.txt
[20:39:46] [Server thread/INFO]: [WorldGuard] (world) TNT ignition is PERMITTED.
[20:39:46] [Server thread/INFO]: [WorldGuard] (world) Lighters are PERMITTED.
[20:39:46] [Server thread/INFO]: [WorldGuard] (world) Lava fire is PERMITTED.
[20:39:46] [Server thread/INFO]: [WorldGuard] (world) Fire spread is UNRESTRICTED.
[20:39:46] [Server thread/INFO]: [WorldGuard] Loaded configuration for world 'world'
[20:39:46] [Server thread/INFO]: [WorldGuard] Default configuration file written: config_world.yml
[20:39:46] [Server thread/INFO]: [WorldGuard] Default configuration file written: blacklist.txt
[20:39:46] [Server thread/INFO]: [WorldGuard] (world_nether) TNT ignition is PERMITTED.
[20:39:46] [Server thread/INFO]: [WorldGuard] (world_nether) Lighters are PERMITTED.
[20:39:46] [Server thread/INFO]: [WorldGuard] (world_nether) Lava fire is PERMITTED.
[20:39:46] [Server thread/INFO]: [WorldGuard] (world_nether) Fire spread is UNRESTRICTED.
[20:39:46] [Server thread/INFO]: [WorldGuard] Loaded configuration for world 'world_nether'
[20:39:46] [Server thread/INFO]: [WorldGuard] Default configuration file written: config_world.yml
[20:39:46] [Server thread/INFO]: [WorldGuard] Default configuration file written: blacklist.txt
[20:39:46] [Server thread/INFO]: [WorldGuard] (world_the_end) TNT ignition is PERMITTED.
[20:39:46] [Server thread/INFO]: [WorldGuard] (world_the_end) Lighters are PERMITTED.
[20:39:46] [Server thread/INFO]: [WorldGuard] (world_the_end) Lava fire is PERMITTED.
[20:39:46] [Server thread/INFO]: [WorldGuard] (world_the_end) Fire spread is UNRESTRICTED.
[20:39:46] [Server thread/INFO]: [WorldGuard] Loaded configuration for world 'world_the_end'
[20:39:46] [Server thread/INFO]: [WorldGuard] Loading region data...
[20:39:46] [Server thread/INFO]: [WorldGuard] Unloading and saving region data that is currently loaded...
[20:39:46] [Server thread/INFO]: [WorldGuard] Loading region data for loaded worlds...
[20:39:46] [Server thread/INFO]: [WorldGuard] Loading region data...
[20:39:46] [Server thread/INFO]: [WorldGuard] Regions saved after UUID migration! This won't happen again unless you change the relevant configuration option in WorldGuard's config.
[20:39:46] [Server thread/INFO]: [/ba] Enabling BedrockArmorstands v2.0.0
[20:39:46] [Server thread/INFO]: [Essentials] Enabling Essentials v2.21.2
[20:39:47] [Server thread/ERROR]: [Essentials] You are running an unsupported server version!
[20:39:47] [Server thread/INFO]: [Essentials] Attempting to convert old kits in config.yml to new kits.yml
[20:39:47] [Server thread/INFO]: [Essentials] No kits found to migrate.
[20:39:47] [Server thread/INFO]: [Essentials] Selected 1.12.2+ Player Locale Provider as the provider for PlayerLocaleProvider
[20:39:47] [Server thread/INFO]: [Essentials] Selected 1.20.5+ Banner Data Provider as the provider for BannerDataProvider
[20:39:47] [Server thread/INFO]: [Essentials] Selected 1.13+ Spawn Egg Provider as the provider for SpawnEggProvider
[20:39:47] [Server thread/INFO]: [Essentials] Selected Paper Biome Key Provider as the provider for BiomeKeyProvider
[20:39:47] [Server thread/INFO]: [Essentials] Selected 1.20.6+ Potion Meta Provider as the provider for PotionMetaProvider
[20:39:47] [Server thread/INFO]: [Essentials] Selected Legacy Biome Name Provider as the provider for BiomeNameProvider
[20:39:47] [Server thread/INFO]: [Essentials] Selected 1.14.4+ Persistent Data Container Provider as the provider for PersistentDataProvider
[20:39:47] [Server thread/INFO]: [Essentials] Selected Paper Server State Provider as the provider for ServerStateProvider
[20:39:47] [Server thread/INFO]: [Essentials] Selected 1.21.4+ Sync Commands Provider as the provider for SyncCommandsProvider
[20:39:47] [Server thread/INFO]: [Essentials] Selected Reflection Formatted Command Alias Provider as the provider for FormattedCommandAliasProvider
[20:39:47] [Server thread/INFO]: [Essentials] Selected 1.17.1+ World Info Provider as the provider for WorldInfoProvider
[20:39:47] [Server thread/INFO]: [Essentials] Selected Paper Container Provider as the provider for ContainerProvider
[20:39:47] [Server thread/INFO]: [Essentials] Selected Paper Tick Count Provider as the provider for TickCountProvider
[20:39:47] [Server thread/INFO]: [Essentials] Selected 1.11+ Item Unbreakable Provider as the provider for ItemUnbreakableProvider
[20:39:47] [Server thread/INFO]: [Essentials] Selected 1.12+ Spawner Block Provider as the provider for SpawnerBlockProvider
[20:39:47] [Server thread/INFO]: [Essentials] Selected 1.21+ InventoryView Interface ABI Provider as the provider for InventoryViewProvider
[20:39:47] [Server thread/INFO]: [Essentials] Selected Paper Serialization Provider as the provider for SerializationProvider
[20:39:47] [Server thread/INFO]: [Essentials] Selected 1.8.3+ Spawner Item Provider as the provider for SpawnerItemProvider
[20:39:47] [Server thread/INFO]: [Essentials] Selected 1.20.4+ Damage Event Provider as the provider for DamageEventProvider
[20:39:47] [Server thread/INFO]: [Essentials] Selected 1.14+ Sign Data Provider as the provider for SignDataProvider
[20:39:47] [Server thread/INFO]: [Essentials] Selected Paper Known Commands Provider as the provider for KnownCommandsProvider
[20:39:47] [Server thread/INFO]: [Essentials] Selected Reflection Online Mode Provider as the provider for OnlineModeProvider
[20:39:47] [Server thread/INFO]: [Essentials] Selected Paper Material Tag Provider as the provider for MaterialTagProvider
[20:39:47] [Server thread/INFO]: [Essentials] Loaded 43880 items from items.json.
[20:39:47] [Server thread/INFO]: [Essentials] Using locale es
[20:39:48] [Server thread/INFO]: [Essentials] ServerListPingEvent: Spigot iterator API
[20:39:48] [Server thread/INFO]: [Essentials] Starting Metrics. Opt-out using the global bStats config.
[20:39:48] [Server thread/INFO]: [Essentials] Using superperms-based permissions.
[20:39:48] [Server thread/INFO]: [Multiverse-Core] Enabling Multiverse-Core v5.4.0
[20:39:49] [Server thread/WARN]: [Multiverse-Core] Spawn location from world.dat file was unsafe. Adjusting...
[20:39:49] [Server thread/WARN]: [Multiverse-Core] Original Location: X: 0 Y: 66 Z: 0 P: 0 Y: 0 
[20:39:49] [Server thread/INFO]: [Multiverse-Core] New Spawn for 'world_nether' is located at: world_nether:0.00,128.00,0.00:0.00:0.00
[20:39:50] [Server thread/INFO]: [Multiverse-Core] API service loaded!
[20:39:50] [Server thread/INFO]: [Multiverse-Core] Version 5.4.0 (API v5.4) Enabled - By dumptruckman, Rigby, fernferret, lithium3141, main--, benwoo1110 and Zax71
[20:39:50] [Server thread/INFO]: [Multiverse-Core] Loving Multiverse-Core? Please consider supporting the project with a small donation: https://github.com/sponsors/Multiverse
[20:39:50] [Server thread/INFO]: [spark] Starting background profiler...
[20:39:51] [Server thread/INFO]: Running delayed init tasks
[20:39:51] [Craft Scheduler Thread - 4 - Essentials/INFO]: [Essentials] Obteniendo información de versión...
[20:39:51] [Server thread/INFO]: Done (88.741s)! For help, type "help"
[20:43:28] [Server thread/INFO]: ℹ Server Plugins (5):
[20:43:28] [Server thread/INFO]: Bukkit Plugins:
[20:43:28] [Server thread/INFO]:  - BedrockArmorstands, Essentials, Multiverse-Core, WorldEdit, WorldGuard
[20:46:41] [User Authenticator #0/INFO]: UUID of player XxDaniel_MC9243 is 8a9d9f39-62b4-385a-8ee2-4c7f2ef36136
[20:46:41] [Server thread/INFO]: [HorriblePlayerLoginEventHack] You have plugins listening to the PlayerLoginEvent, this will cause re-configuration APIs to be unavailable: [Essentials, WorldGuard]
[20:47:06] [Server thread/INFO]: XxDaniel_MC9243 (8a9d9f39-62b4-385a-8ee2-4c7f2ef36136) lost connection: Disconnected
[20:47:15] [User Authenticator #0/INFO]: UUID of player XxDaniel_MC9243 is 8a9d9f39-62b4-385a-8ee2-4c7f2ef36136
[20:47:21] [Server thread/INFO]: XxDaniel_MC9243 joined the game
[20:47:21] [Server thread/INFO]: XxDaniel_MC9243[/127.146.119.162:56522] logged in with entity id 40 at ([world]-6.5, 156.0, 2.5)
[20:48:05] [Server thread/INFO]: [XxDaniel_MC9243: Set own game mode to Creative Mode]
[20:49:03] [Server thread/INFO]: XxDaniel_MC9243 issued server command: /tps
[20:49:39] [Server thread/INFO]: XxDaniel_MC9243 issued server command: /tps
[20:50:01] [Server thread/INFO]: XxDaniel_MC9243 issued server command: /day
[20:50:02] [Server thread/INFO]: XxDaniel_MC9243 has made the advancement [Stone Age]
[20:51:05] [Server thread/INFO]: XxDaniel_MC9243 issued server command: //set 0
[20:51:37] [Server thread/INFO]: [XxDaniel_MC9243: Set own game mode to Survival Mode]
[20:51:40] [Server thread/INFO]: XxDaniel_MC9243 fell from a high place
[20:51:55] [Server thread/INFO]: [XxDaniel_MC9243: Set own game mode to Creative Mode]
[20:52:26] [Server thread/INFO]: XxDaniel_MC9243 issued server command: /tps
[20:53:08] [Paper Common Worker #0/ERROR]: Block-attached entity at invalid position: BlockPos{x=203, y=48, z=159}
[20:55:57] [Server thread/INFO]: XxDaniel_MC9243 issued server command: /itemname Rodolfo
[20:56:39] [Server thread/INFO]: XxDaniel_MC9243 has made the advancement [Best Friends Forever]
